<!DOCTYPE html PUBLIC "-//W3C//DTD XHTML 1.1//EN" "https://www.w3.org/TR/xhtml11/DTD/xhtml11.dtd">
<html xmlns="https://www.w3.org/1999/xhtml">
<head>
<meta http-equiv="content-type" content="text/html; charset=UTF-8"/>
<title>TestNG Report</title>
<style type="text/css">table {margin-bottom:10px;border-collapse:collapse;empty-cells:show}th,td {border:1px solid #009;padding:.25em .5em}th {vertical-align:bottom}td {vertical-align:top}table a {font-weight:bold}.stripe td {background-color: #E6EBF9}.num {text-align:right}.passedodd td {background-color: #3F3}.passedeven td {background-color: #0A0}.skippedodd td {background-color: #DDD}.skippedeven td {background-color: #CCC}.failedodd td,.attn {background-color: #F33}.failedeven td,.stripe .attn {background-color: #D00}.stacktrace {white-space:pre;font-family:monospace}.totop {font-size:85%;text-align:center;border-bottom:2px solid #000}.invisible {display:none}</style>
</head>
<body>
<table>
<tr><th>Test</th><th># Passed</th><th># Skipped</th><th># Retried</th><th># Failed</th><th>Time (ms)</th><th>Included Groups</th><th>Excluded Groups</th></tr>
<tr><th colspan="8">Makemytrip</th></tr>
<tr><td><a href="#t0">Makemytrip</a></td><td class="num">0</td><td class="num">0</td><td class="num">0</td><td class="num attn">2</td><td class="num">74,264</td><td></td><td></td></tr>
<tr class="stripe"><td><a href="#t1">Flight search</a></td><td class="num">1</td><td class="num">0</td><td class="num">0</td><td class="num">0</td><td class="num">27,470</td><td></td><td></td></tr>
<tr><td><a href="#t2">Homestays</a></td><td class="num">1</td><td class="num">0</td><td class="num">0</td><td class="num">0</td><td class="num">21,359</td><td></td><td></td></tr>
<tr class="stripe"><td><a href="#t3">Trainbook</a></td><td class="num">0</td><td class="num">0</td><td class="num">0</td><td class="num attn">1</td><td class="num">27,989</td><td></td><td></td></tr>
<tr><td><a href="#t4">Hotel_book</a></td><td class="num">0</td><td class="num">0</td><td class="num">0</td><td class="num attn">1</td><td class="num">469,660</td><td></td><td></td></tr>
<tr><th>Total</th><th class="num">2</th><th class="num">0</th><th class="num">0</th><th class="num attn">4</th><th class="num">620,742</th><th colspan="2"></th></tr>
</table>
<table id='summary'><thead><tr><th>Class</th><th>Method</th><th>Start</th><th>Time (ms)</th></tr></thead><tbody><tr><th colspan="4">Makemytrip</th></tr></tbody><tbody id="t0"><tr><th colspan="4">Makemytrip &#8212; failed</th></tr><tr class="failedeven"><td rowspan="2">makemytrip.Makemytrip_launch_test</td><td><a href="#m0">MakemyTripSendINValidNumber_Test02</a></td><td rowspan="1">1651417166431</td><td rowspan="1">25320</td></tr><tr class="failedeven"><td><a href="#m1">MakemyTripSendValidNumber_Test01</a></td><td rowspan="1">1651417140868</td><td rowspan="1">24571</td></tr></tbody>
<tbody id="t1"><tr><th colspan="4">Flight search &#8212; passed</th></tr><tr class="passedeven"><td rowspan="1">makemytrip.Makemytrip_Flightsearch_test</td><td><a href="#m2">SearchFlightToday</a></td><td rowspan="1">1651417202268</td><td rowspan="1">18135</td></tr></tbody>
<tbody id="t2"><tr><th colspan="4">Homestays &#8212; passed</th></tr><tr class="passedeven"><td rowspan="1">makemytrip.Makemytrip_homestays_test</td><td><a href="#m3">SearchHomestay</a></td><td rowspan="1">1651417234933</td><td rowspan="1">6887</td></tr></tbody>
<tbody id="t3"><tr><th colspan="4">Trainbook &#8212; failed</th></tr><tr class="failedeven"><td rowspan="1">makemytrip.Makemytrip_TrainBook_test</td><td><a href="#m4">BookTrainTicket_Test01</a></td><td rowspan="1">1651417251148</td><td rowspan="1">17602</td></tr></tbody>
<tbody id="t4"><tr><th colspan="4">Hotel_book &#8212; failed</th></tr><tr class="failedeven"><td rowspan="1">makemytrip.Makemytrip_hotel_test</td><td><a href="#m5">SearchHomestay</a></td><td rowspan="1">1651417281753</td><td rowspan="1">457037</td></tr></tbody>
</table>
<h2>Makemytrip</h2><h3 id="m0">makemytrip.Makemytrip_launch_test#MakemyTripSendINValidNumber_Test02</h3><table class="result"><tr><th>Messages</th></tr><tr><td><div class="messages">Testcase MakemyTripSendINValidNumber_Test02 started successfully<br/>Testcase MakemyTripSendINValidNumber_Test02 failed</div></td></tr><tr><th>Exception</th></tr><tr><td><div class="stacktrace">org.openqa.selenium.TimeoutException: Expected condition failed: waiting for visibility of Proxy element for: DefaultElementLocator &apos;By.xpath: //*[@id=&quot;root&quot;]/div/div[2]/div/main/div[5]/div/div[1]/div/div/button&apos; (tried for 5 second(s) with 500 milliseconds interval)
	at org.openqa.selenium.support.ui.WebDriverWait.timeoutException(WebDriverWait.java:138)
	at org.openqa.selenium.support.ui.FluentWait.until(FluentWait.java:231)
	at applicationutility.Applicationutility.clickme(Applicationutility.java:80)
	at pages.Makemytrip_launch_page.makemytrip_booking(Makemytrip_launch_page.java:112)
	at makemytrip.Makemytrip_launch_test.MakemyTripSendINValidNumber_Test02(Makemytrip_launch_test.java:78)
	at java.base/java.util.ArrayList.forEach(ArrayList.java:1511)
Caused by: org.openqa.selenium.NoSuchElementException: no such element: Unable to locate element: {&quot;method&quot;:&quot;xpath&quot;,&quot;selector&quot;:&quot;//*[@id=&quot;root&quot;]/div/div[2]/div/main/div[5]/div/div[1]/div/div/button&quot;}
  (Session info: chrome=100.0.4896.127)
For documentation on this error, please visit: https://selenium.dev/exceptions/#no_such_element
Build info: version: &apos;4.1.2&apos;, revision: &apos;9a5a329c5a&apos;
System info: host: &apos;IN-122P5Y2&apos;, ip: &apos;192.168.1.6&apos;, os.name: &apos;Windows 10&apos;, os.arch: &apos;amd64&apos;, os.version: &apos;10.0&apos;, java.version: &apos;17.0.2&apos;
Driver info: org.openqa.selenium.chrome.ChromeDriver
Command: [b762ee4448f786cfa86762b144450d83, findElement {using=xpath, value=//*[@id=&quot;root&quot;]/div/div[2]/div/main/div[5]/div/div[1]/div/div/button}]
Capabilities {acceptInsecureCerts: false, browserName: chrome, browserVersion: 100.0.4896.127, chrome: {chromedriverVersion: 100.0.4896.60 (6a5d10861ce8..., userDataDir: C:\Users\SHIVAM~1.DUB\AppDa...}, goog:chromeOptions: {debuggerAddress: localhost:64220}, javascriptEnabled: true, networkConnectionEnabled: false, pageLoadStrategy: normal, platform: WINDOWS, platformName: WINDOWS, proxy: Proxy(), se:cdp: ws://localhost:64220/devtoo..., se:cdpVersion: 100.0.4896.127, setWindowRect: true, strictFileInteractability: false, timeouts: {implicit: 0, pageLoad: 300000, script: 30000}, unhandledPromptBehavior: dismiss and notify, webauthn:extension:credBlob: true, webauthn:extension:largeBlob: true, webauthn:virtualAuthenticators: true}
Session ID: b762ee4448f786cfa86762b144450d83
	at org.openqa.selenium.remote.codec.w3c.W3CHttpResponseCodec.createException(W3CHttpResponseCodec.java:200)
	at org.openqa.selenium.remote.codec.w3c.W3CHttpResponseCodec.decode(W3CHttpResponseCodec.java:133)
	at org.openqa.selenium.remote.codec.w3c.W3CHttpResponseCodec.decode(W3CHttpResponseCodec.java:53)
	at org.openqa.selenium.remote.HttpCommandExecutor.execute(HttpCommandExecutor.java:184)
	at org.openqa.selenium.remote.service.DriverCommandExecutor.invokeExecute(DriverCommandExecutor.java:167)
	at org.openqa.selenium.remote.service.DriverCommandExecutor.execute(DriverCommandExecutor.java:142)
	at org.openqa.selenium.remote.RemoteWebDriver.execute(RemoteWebDriver.java:558)
	at org.openqa.selenium.remote.ElementLocation$ElementFinder$2.findElement(ElementLocation.java:162)
	at org.openqa.selenium.remote.ElementLocation.findElement(ElementLocation.java:60)
	at org.openqa.selenium.remote.RemoteWebDriver.findElement(RemoteWebDriver.java:382)
	at org.openqa.selenium.remote.RemoteWebDriver.findElement(RemoteWebDriver.java:374)
	at org.openqa.selenium.support.pagefactory.DefaultElementLocator.findElement(DefaultElementLocator.java:70)
	at org.openqa.selenium.support.pagefactory.internal.LocatingElementHandler.invoke(LocatingElementHandler.java:39)
	at jdk.proxy2/jdk.proxy2.$Proxy33.isDisplayed(Unknown Source)
	at org.openqa.selenium.support.ui.ExpectedConditions.elementIfVisible(ExpectedConditions.java:307)
	at org.openqa.selenium.support.ui.ExpectedConditions.access$000(ExpectedConditions.java:40)
	at org.openqa.selenium.support.ui.ExpectedConditions$10.apply(ExpectedConditions.java:293)
	at org.openqa.selenium.support.ui.ExpectedConditions$10.apply(ExpectedConditions.java:290)
	at org.openqa.selenium.support.ui.FluentWait.until(FluentWait.java:208)
	... 31 more
... Removed 32 stack frames</div></td></tr></table><p class="totop"><a href="#summary">back to summary</a></p>
<h3 id="m1">makemytrip.Makemytrip_launch_test#MakemyTripSendValidNumber_Test01</h3><table class="result"><tr><th>Messages</th></tr><tr><td><div class="messages">Testcase MakemyTripSendValidNumber_Test01 started successfully<br/>Testcase MakemyTripSendValidNumber_Test01 failed</div></td></tr><tr><th>Exception</th></tr><tr><td><div class="stacktrace">org.openqa.selenium.TimeoutException: Expected condition failed: waiting for visibility of Proxy element for: DefaultElementLocator &apos;By.xpath: //*[@id=&quot;root&quot;]/div/div[2]/div/main/div[5]/div/div[1]/div/div/button&apos; (tried for 5 second(s) with 500 milliseconds interval)
	at org.openqa.selenium.support.ui.WebDriverWait.timeoutException(WebDriverWait.java:138)
	at org.openqa.selenium.support.ui.FluentWait.until(FluentWait.java:231)
	at applicationutility.Applicationutility.clickme(Applicationutility.java:80)
	at pages.Makemytrip_launch_page.makemytrip_login(Makemytrip_launch_page.java:88)
	at makemytrip.Makemytrip_launch_test.MakemyTripSendValidNumber_Test01(Makemytrip_launch_test.java:67)
	at java.base/java.util.ArrayList.forEach(ArrayList.java:1511)
Caused by: org.openqa.selenium.NoSuchElementException: no such element: Unable to locate element: {&quot;method&quot;:&quot;xpath&quot;,&quot;selector&quot;:&quot;//*[@id=&quot;root&quot;]/div/div[2]/div/main/div[5]/div/div[1]/div/div/button&quot;}
  (Session info: chrome=100.0.4896.127)
For documentation on this error, please visit: https://selenium.dev/exceptions/#no_such_element
Build info: version: &apos;4.1.2&apos;, revision: &apos;9a5a329c5a&apos;
System info: host: &apos;IN-122P5Y2&apos;, ip: &apos;192.168.1.6&apos;, os.name: &apos;Windows 10&apos;, os.arch: &apos;amd64&apos;, os.version: &apos;10.0&apos;, java.version: &apos;17.0.2&apos;
Driver info: org.openqa.selenium.chrome.ChromeDriver
Command: [b762ee4448f786cfa86762b144450d83, findElement {using=xpath, value=//*[@id=&quot;root&quot;]/div/div[2]/div/main/div[5]/div/div[1]/div/div/button}]
Capabilities {acceptInsecureCerts: false, browserName: chrome, browserVersion: 100.0.4896.127, chrome: {chromedriverVersion: 100.0.4896.60 (6a5d10861ce8..., userDataDir: C:\Users\SHIVAM~1.DUB\AppDa...}, goog:chromeOptions: {debuggerAddress: localhost:64220}, javascriptEnabled: true, networkConnectionEnabled: false, pageLoadStrategy: normal, platform: WINDOWS, platformName: WINDOWS, proxy: Proxy(), se:cdp: ws://localhost:64220/devtoo..., se:cdpVersion: 100.0.4896.127, setWindowRect: true, strictFileInteractability: false, timeouts: {implicit: 0, pageLoad: 300000, script: 30000}, unhandledPromptBehavior: dismiss and notify, webauthn:extension:credBlob: true, webauthn:extension:largeBlob: true, webauthn:virtualAuthenticators: true}
Session ID: b762ee4448f786cfa86762b144450d83
	at org.openqa.selenium.remote.codec.w3c.W3CHttpResponseCodec.createException(W3CHttpResponseCodec.java:200)
	at org.openqa.selenium.remote.codec.w3c.W3CHttpResponseCodec.decode(W3CHttpResponseCodec.java:133)
	at org.openqa.selenium.remote.codec.w3c.W3CHttpResponseCodec.decode(W3CHttpResponseCodec.java:53)
	at org.openqa.selenium.remote.HttpCommandExecutor.execute(HttpCommandExecutor.java:184)
	at org.openqa.selenium.remote.service.DriverCommandExecutor.invokeExecute(DriverCommandExecutor.java:167)
	at org.openqa.selenium.remote.service.DriverCommandExecutor.execute(DriverCommandExecutor.java:142)
	at org.openqa.selenium.remote.RemoteWebDriver.execute(RemoteWebDriver.java:558)
	at org.openqa.selenium.remote.ElementLocation$ElementFinder$2.findElement(ElementLocation.java:162)
	at org.openqa.selenium.remote.ElementLocation.findElement(ElementLocation.java:60)
	at org.openqa.selenium.remote.RemoteWebDriver.findElement(RemoteWebDriver.java:382)
	at org.openqa.selenium.remote.RemoteWebDriver.findElement(RemoteWebDriver.java:374)
	at org.openqa.selenium.support.pagefactory.DefaultElementLocator.findElement(DefaultElementLocator.java:70)
	at org.openqa.selenium.support.pagefactory.internal.LocatingElementHandler.invoke(LocatingElementHandler.java:39)
	at jdk.proxy2/jdk.proxy2.$Proxy33.isDisplayed(Unknown Source)
	at org.openqa.selenium.support.ui.ExpectedConditions.elementIfVisible(ExpectedConditions.java:307)
	at org.openqa.selenium.support.ui.ExpectedConditions.access$000(ExpectedConditions.java:40)
	at org.openqa.selenium.support.ui.ExpectedConditions$10.apply(ExpectedConditions.java:293)
	at org.openqa.selenium.support.ui.ExpectedConditions$10.apply(ExpectedConditions.java:290)
	at org.openqa.selenium.support.ui.FluentWait.until(FluentWait.java:208)
	... 31 more
... Removed 32 stack frames</div></td></tr></table><p class="totop"><a href="#summary">back to summary</a></p>
<h2>Flight search</h2><h3 id="m2">makemytrip.Makemytrip_Flightsearch_test#SearchFlightToday</h3><table class="result"><tr><th>Messages</th></tr><tr><td><div class="messages">Testcase SearchFlightToday started successfully<br/>Testcase SearchFlightToday passed successfully</div></td></tr></table><p class="totop"><a href="#summary">back to summary</a></p>
<h2>Homestays</h2><h3 id="m3">makemytrip.Makemytrip_homestays_test#SearchHomestay</h3><table class="result"><tr><th>Messages</th></tr><tr><td><div class="messages">Testcase SearchHomestay started successfully<br/>Testcase SearchHomestay passed successfully</div></td></tr></table><p class="totop"><a href="#summary">back to summary</a></p>
<h2>Trainbook</h2><h3 id="m4">makemytrip.Makemytrip_TrainBook_test#BookTrainTicket_Test01</h3><table class="result"><tr><th>Messages</th></tr><tr><td><div class="messages">Testcase BookTrainTicket_Test01 started successfully<br/>Testcase BookTrainTicket_Test01 failed</div></td></tr><tr><th>Exception</th></tr><tr><td><div class="stacktrace">org.openqa.selenium.NoSuchElementException: no such element: Unable to locate element: {&quot;method&quot;:&quot;xpath&quot;,&quot;selector&quot;:&quot;//input[@id=&apos;departureAfter6&apos;]&quot;}
  (Session info: chrome=100.0.4896.127)
For documentation on this error, please visit: https://selenium.dev/exceptions/#no_such_element
Build info: version: &apos;4.1.2&apos;, revision: &apos;9a5a329c5a&apos;
System info: host: &apos;IN-122P5Y2&apos;, ip: &apos;192.168.1.6&apos;, os.name: &apos;Windows 10&apos;, os.arch: &apos;amd64&apos;, os.version: &apos;10.0&apos;, java.version: &apos;17.0.2&apos;
Driver info: org.openqa.selenium.chrome.ChromeDriver
Command: [8ced960d20331cd50906847f88e391f0, findElement {using=xpath, value=//input[@id=&apos;departureAfter6&apos;]}]
Capabilities {acceptInsecureCerts: false, browserName: chrome, browserVersion: 100.0.4896.127, chrome: {chromedriverVersion: 100.0.4896.60 (6a5d10861ce8..., userDataDir: C:\Users\SHIVAM~1.DUB\AppDa...}, goog:chromeOptions: {debuggerAddress: localhost:64511}, javascriptEnabled: true, networkConnectionEnabled: false, pageLoadStrategy: normal, platform: WINDOWS, platformName: WINDOWS, proxy: Proxy(), se:cdp: ws://localhost:64511/devtoo..., se:cdpVersion: 100.0.4896.127, setWindowRect: true, strictFileInteractability: false, timeouts: {implicit: 0, pageLoad: 300000, script: 30000}, unhandledPromptBehavior: dismiss and notify, webauthn:extension:credBlob: true, webauthn:extension:largeBlob: true, webauthn:virtualAuthenticators: true}
Session ID: 8ced960d20331cd50906847f88e391f0
	at org.openqa.selenium.remote.codec.w3c.W3CHttpResponseCodec.createException(W3CHttpResponseCodec.java:200)
	at org.openqa.selenium.remote.codec.w3c.W3CHttpResponseCodec.decode(W3CHttpResponseCodec.java:133)
	at org.openqa.selenium.remote.codec.w3c.W3CHttpResponseCodec.decode(W3CHttpResponseCodec.java:53)
	at org.openqa.selenium.remote.HttpCommandExecutor.execute(HttpCommandExecutor.java:184)
	at org.openqa.selenium.remote.service.DriverCommandExecutor.invokeExecute(DriverCommandExecutor.java:167)
	at org.openqa.selenium.remote.service.DriverCommandExecutor.execute(DriverCommandExecutor.java:142)
	at org.openqa.selenium.remote.RemoteWebDriver.execute(RemoteWebDriver.java:558)
	at org.openqa.selenium.remote.ElementLocation$ElementFinder$2.findElement(ElementLocation.java:162)
	at org.openqa.selenium.remote.ElementLocation.findElement(ElementLocation.java:60)
	at org.openqa.selenium.remote.RemoteWebDriver.findElement(RemoteWebDriver.java:382)
	at org.openqa.selenium.remote.RemoteWebDriver.findElement(RemoteWebDriver.java:374)
	at org.openqa.selenium.support.pagefactory.DefaultElementLocator.findElement(DefaultElementLocator.java:70)
	at org.openqa.selenium.support.pagefactory.internal.LocatingElementHandler.invoke(LocatingElementHandler.java:39)
	at jdk.proxy2/jdk.proxy2.$Proxy33.isDisplayed(Unknown Source)
	at pages.Makemytrip_TrainBook_page.booktrain_ticket(Makemytrip_TrainBook_page.java:78)
	at makemytrip.Makemytrip_TrainBook_test.BookTrainTicket_Test01(Makemytrip_TrainBook_test.java:49)
	at java.base/java.util.ArrayList.forEach(ArrayList.java:1511)
... Removed 32 stack frames</div></td></tr></table><p class="totop"><a href="#summary">back to summary</a></p>
<h2>Hotel_book</h2><h3 id="m5">makemytrip.Makemytrip_hotel_test#SearchHomestay</h3><table class="result"><tr><th>Messages</th></tr><tr><td><div class="messages">Testcase SearchHomestay started successfully<br/>Testcase SearchHomestay failed</div></td></tr><tr><th>Exception</th></tr><tr><td><div class="stacktrace">org.openqa.selenium.StaleElementReferenceException: stale element reference: element is not attached to the page document
  (Session info: chrome=100.0.4896.127)
For documentation on this error, please visit: https://selenium.dev/exceptions/#stale_element_reference
Build info: version: &apos;4.1.2&apos;, revision: &apos;9a5a329c5a&apos;
System info: host: &apos;IN-122P5Y2&apos;, ip: &apos;192.168.1.6&apos;, os.name: &apos;Windows 10&apos;, os.arch: &apos;amd64&apos;, os.version: &apos;10.0&apos;, java.version: &apos;17.0.2&apos;
Driver info: org.openqa.selenium.chrome.ChromeDriver
Command: [24b5797b17b88b711d21010b4cd86841, clickElement {id=63a95ea4-34ca-4c32-8fdb-e5fb860f802b}]
Capabilities {acceptInsecureCerts: false, browserName: chrome, browserVersion: 100.0.4896.127, chrome: {chromedriverVersion: 100.0.4896.60 (6a5d10861ce8..., userDataDir: C:\Users\SHIVAM~1.DUB\AppDa...}, goog:chromeOptions: {debuggerAddress: localhost:64601}, javascriptEnabled: true, networkConnectionEnabled: false, pageLoadStrategy: normal, platform: WINDOWS, platformName: WINDOWS, proxy: Proxy(), se:cdp: ws://localhost:64601/devtoo..., se:cdpVersion: 100.0.4896.127, setWindowRect: true, strictFileInteractability: false, timeouts: {implicit: 0, pageLoad: 300000, script: 30000}, unhandledPromptBehavior: dismiss and notify, webauthn:extension:credBlob: true, webauthn:extension:largeBlob: true, webauthn:virtualAuthenticators: true}
Element: [[ChromeDriver: chrome on WINDOWS (24b5797b17b88b711d21010b4cd86841)] -&gt; xpath: //span[@class=&apos;langCardClose&apos;]]
Session ID: 24b5797b17b88b711d21010b4cd86841
	at org.openqa.selenium.remote.codec.w3c.W3CHttpResponseCodec.createException(W3CHttpResponseCodec.java:200)
	at org.openqa.selenium.remote.codec.w3c.W3CHttpResponseCodec.decode(W3CHttpResponseCodec.java:133)
	at org.openqa.selenium.remote.codec.w3c.W3CHttpResponseCodec.decode(W3CHttpResponseCodec.java:53)
	at org.openqa.selenium.remote.HttpCommandExecutor.execute(HttpCommandExecutor.java:184)
	at org.openqa.selenium.remote.service.DriverCommandExecutor.invokeExecute(DriverCommandExecutor.java:167)
	at org.openqa.selenium.remote.service.DriverCommandExecutor.execute(DriverCommandExecutor.java:142)
	at org.openqa.selenium.remote.RemoteWebDriver.execute(RemoteWebDriver.java:558)
	at org.openqa.selenium.remote.RemoteWebElement.execute(RemoteWebElement.java:251)
	at org.openqa.selenium.remote.RemoteWebElement.click(RemoteWebElement.java:77)
	at org.openqa.selenium.support.pagefactory.internal.LocatingElementHandler.invoke(LocatingElementHandler.java:52)
	at jdk.proxy2/jdk.proxy2.$Proxy33.click(Unknown Source)
	at pages.Makemytrip_hotel_page.ClickOnHotel(Makemytrip_hotel_page.java:67)
	at makemytrip.Makemytrip_hotel_test.SearchHomestay(Makemytrip_hotel_test.java:68)
	at java.base/java.util.ArrayList.forEach(ArrayList.java:1511)
... Removed 35 stack frames</div></td></tr></table><p class="totop"><a href="#summary">back to summary</a></p>
</body>
</html>
