<?xml version="1.0" encoding="UTF-8"?>
<!-- Generated by org.testng.reporters.JUnitReportReporter -->
<testsuite hostname="DESKTOP-493EAAE" failures="0" tests="4" name="testingbaba.Testingbaba_autocomplete_test" time="9.640" errors="1" timestamp="2022-04-18T20:18:04 IST" skipped="3">
  <testcase classname="testingbaba.Testingbaba_autocomplete_test" name="launchtestingbaba" time="9.640">
    <error message="element click intercepted: Element &lt;a class=&quot;nav-link&quot; href=&quot;newdemo.html&quot;&gt;...&lt;/a&gt; is not clickable at point (601, 40). Other element would receive the click: &lt;div class=&quot;modal-header&quot;&gt;...&lt;/div&gt;
  (Session info: MicrosoftEdge=100.0.1185.44)
Build info: version: &#039;4.1.2&#039;, revision: &#039;9a5a329c5a&#039;
System info: host: &#039;DESKTOP-493EAAE&#039;, ip: &#039;192.168.1.6&#039;, os.name: &#039;Windows 11&#039;, os.arch: &#039;amd64&#039;, os.version: &#039;10.0&#039;, java.version: &#039;17.0.2&#039;
Driver info: org.openqa.selenium.edge.EdgeDriver
Command: [3104236b6379d24c1203da3c9bc3da3d, clickElement {id=06b675ed-ddd9-4bd8-8ce9-dbab2aaf19fa}]
Capabilities {acceptInsecureCerts: false, browserName: msedge, browserVersion: 100.0.1185.44, javascriptEnabled: true, ms:edgeOptions: {debuggerAddress: localhost:56045}, msedge: {msedgedriverVersion: 100.0.1154.0 (56beb5bffefef..., userDataDir: C:\Users\dubey\AppData\Loca...}, networkConnectionEnabled: false, pageLoadStrategy: normal, platform: WINDOWS, platformName: WINDOWS, proxy: Proxy(), se:cdp: ws://localhost:56045/devtoo..., se:cdpVersion: 100.0.1185.44, setWindowRect: true, strictFileInteractability: false, timeouts: {implicit: 0, pageLoad: 300000, script: 30000}, unhandledPromptBehavior: dismiss and notify, webauthn:extension:credBlob: true, webauthn:extension:largeBlob: true, webauthn:virtualAuthenticators: true}
Element: [[EdgeDriver: msedge on WINDOWS (3104236b6379d24c1203da3c9bc3da3d)] -&gt; xpath: //*[@id=&quot;navbarSupportedContent&quot;]/ul/li[5]/a]
Session ID: 3104236b6379d24c1203da3c9bc3da3d" type="org.openqa.selenium.ElementClickInterceptedException">
      <![CDATA[org.openqa.selenium.ElementClickInterceptedException: element click intercepted: Element <a class="nav-link" href="newdemo.html">...</a> is not clickable at point (601, 40). Other element would receive the click: <div class="modal-header">...</div>
  (Session info: MicrosoftEdge=100.0.1185.44)
Build info: version: '4.1.2', revision: '9a5a329c5a'
System info: host: 'DESKTOP-493EAAE', ip: '192.168.1.6', os.name: 'Windows 11', os.arch: 'amd64', os.version: '10.0', java.version: '17.0.2'
Driver info: org.openqa.selenium.edge.EdgeDriver
Command: [3104236b6379d24c1203da3c9bc3da3d, clickElement {id=06b675ed-ddd9-4bd8-8ce9-dbab2aaf19fa}]
Capabilities {acceptInsecureCerts: false, browserName: msedge, browserVersion: 100.0.1185.44, javascriptEnabled: true, ms:edgeOptions: {debuggerAddress: localhost:56045}, msedge: {msedgedriverVersion: 100.0.1154.0 (56beb5bffefef..., userDataDir: C:\Users\dubey\AppData\Loca...}, networkConnectionEnabled: false, pageLoadStrategy: normal, platform: WINDOWS, platformName: WINDOWS, proxy: Proxy(), se:cdp: ws://localhost:56045/devtoo..., se:cdpVersion: 100.0.1185.44, setWindowRect: true, strictFileInteractability: false, timeouts: {implicit: 0, pageLoad: 300000, script: 30000}, unhandledPromptBehavior: dismiss and notify, webauthn:extension:credBlob: true, webauthn:extension:largeBlob: true, webauthn:virtualAuthenticators: true}
Element: [[EdgeDriver: msedge on WINDOWS (3104236b6379d24c1203da3c9bc3da3d)] -> xpath: //*[@id="navbarSupportedContent"]/ul/li[5]/a]
Session ID: 3104236b6379d24c1203da3c9bc3da3d
at java.base/jdk.internal.reflect.NativeConstructorAccessorImpl.newInstance0(Native Method)
at java.base/jdk.internal.reflect.NativeConstructorAccessorImpl.newInstance(NativeConstructorAccessorImpl.java:77)
at java.base/jdk.internal.reflect.DelegatingConstructorAccessorImpl.newInstance(DelegatingConstructorAccessorImpl.java:45)
at java.base/java.lang.reflect.Constructor.newInstanceWithCaller(Constructor.java:499)
at java.base/java.lang.reflect.Constructor.newInstance(Constructor.java:480)
at org.openqa.selenium.remote.codec.w3c.W3CHttpResponseCodec.createException(W3CHttpResponseCodec.java:200)
at org.openqa.selenium.remote.codec.w3c.W3CHttpResponseCodec.decode(W3CHttpResponseCodec.java:133)
at org.openqa.selenium.remote.codec.w3c.W3CHttpResponseCodec.decode(W3CHttpResponseCodec.java:53)
at org.openqa.selenium.remote.HttpCommandExecutor.execute(HttpCommandExecutor.java:184)
at org.openqa.selenium.remote.service.DriverCommandExecutor.invokeExecute(DriverCommandExecutor.java:167)
at org.openqa.selenium.remote.service.DriverCommandExecutor.execute(DriverCommandExecutor.java:142)
at org.openqa.selenium.remote.RemoteWebDriver.execute(RemoteWebDriver.java:558)
at org.openqa.selenium.remote.RemoteWebElement.execute(RemoteWebElement.java:251)
at org.openqa.selenium.remote.RemoteWebElement.click(RemoteWebElement.java:77)
at java.base/jdk.internal.reflect.NativeMethodAccessorImpl.invoke0(Native Method)
at java.base/jdk.internal.reflect.NativeMethodAccessorImpl.invoke(NativeMethodAccessorImpl.java:77)
at java.base/jdk.internal.reflect.DelegatingMethodAccessorImpl.invoke(DelegatingMethodAccessorImpl.java:43)
at java.base/java.lang.reflect.Method.invoke(Method.java:568)
at org.openqa.selenium.support.pagefactory.internal.LocatingElementHandler.invoke(LocatingElementHandler.java:52)
at jdk.proxy2/jdk.proxy2.$Proxy33.click(Unknown Source)
at applicationutility.Applicationutility.clickme(Applicationutility.java:62)
at pages.Testingbaba_autocomplete_page.closebtn(Testingbaba_autocomplete_page.java:49)
at testingbaba.Testingbaba_autocomplete_test.launchtestingbaba(Testingbaba_autocomplete_test.java:42)
at java.base/jdk.internal.reflect.NativeMethodAccessorImpl.invoke0(Native Method)
at java.base/jdk.internal.reflect.NativeMethodAccessorImpl.invoke(NativeMethodAccessorImpl.java:77)
at java.base/jdk.internal.reflect.DelegatingMethodAccessorImpl.invoke(DelegatingMethodAccessorImpl.java:43)
at java.base/java.lang.reflect.Method.invoke(Method.java:568)
at org.testng.internal.MethodInvocationHelper.invokeMethod(MethodInvocationHelper.java:133)
at org.testng.internal.MethodInvocationHelper.invokeMethodConsideringTimeout(MethodInvocationHelper.java:62)
at org.testng.internal.ConfigInvoker.invokeConfigurationMethod(ConfigInvoker.java:385)
at org.testng.internal.ConfigInvoker.invokeConfigurations(ConfigInvoker.java:321)
at org.testng.TestRunner.invokeTestConfigurations(TestRunner.java:637)
at org.testng.TestRunner.beforeRun(TestRunner.java:627)
at org.testng.TestRunner.run(TestRunner.java:589)
at org.testng.SuiteRunner.runTest(SuiteRunner.java:377)
at org.testng.SuiteRunner.runSequentially(SuiteRunner.java:371)
at org.testng.SuiteRunner.privateRun(SuiteRunner.java:332)
at org.testng.SuiteRunner.run(SuiteRunner.java:276)
at org.testng.SuiteRunnerWorker.runSuite(SuiteRunnerWorker.java:53)
at org.testng.SuiteRunnerWorker.run(SuiteRunnerWorker.java:96)
at org.testng.TestNG.runSuitesSequentially(TestNG.java:1212)
at org.testng.TestNG.runSuitesLocally(TestNG.java:1134)
at org.testng.TestNG.runSuites(TestNG.java:1063)
at org.testng.TestNG.run(TestNG.java:1031)
at org.testng.remote.AbstractRemoteTestNG.run(AbstractRemoteTestNG.java:115)
at org.testng.remote.RemoteTestNG.initAndRun(RemoteTestNG.java:251)
at org.testng.remote.RemoteTestNG.main(RemoteTestNG.java:77)
]]>
    </error>
  </testcase> <!-- launchtestingbaba -->
  <system-out/>
  <testcase classname="testingbaba.Testingbaba_autocomplete_test" name="AutocompleteTestingBaba_test01" time="0.000">
    <skipped/>
  </testcase> <!-- AutocompleteTestingBaba_test01 -->
  <system-out>
    <![CDATA[Testcase AutocompleteTestingBaba_test01 got skipped
Testcase AutocompleteTestingBaba_test02 started successfully]]>
  </system-out>
  <testcase classname="testingbaba.Testingbaba_autocomplete_test" name="AutocompleteTestingBaba_test02" time="0.000">
    <skipped/>
  </testcase> <!-- AutocompleteTestingBaba_test02 -->
  <system-out>
    <![CDATA[Testcase AutocompleteTestingBaba_test02 got skipped
Testcase AutocompleteTestingBaba_test03 started successfully]]>
  </system-out>
  <testcase classname="testingbaba.Testingbaba_autocomplete_test" name="AutocompleteTestingBaba_test03" time="0.000">
    <skipped/>
  </testcase> <!-- AutocompleteTestingBaba_test03 -->
  <system-out>
    <![CDATA[Testcase AutocompleteTestingBaba_test03 got skipped
Testcase ButtonsTestingBaba_test01 started successfully]]>
  </system-out>
</testsuite> <!-- testingbaba.Testingbaba_autocomplete_test -->
